{"C:\\Users\\nicka\\Documents\\stance\\server\\api\\getAssetValue.js": {"path":"C:\\Users\\nicka\\Documents\\stance\\server\\api\\getAssetValue.js","statementMap":{"0":{"start":{"line":2,"column":12},"end":{"line":2,"column":36}},"1":{"start":{"line":3,"column":15},"end":{"line":3,"column":41}},"2":{"start":{"line":13,"column":19},"end":{"line":13,"column":40}},"3":{"start":{"line":15,"column":4},"end":{"line":17,"column":5}},"4":{"start":{"line":16,"column":8},"end":{"line":16,"column":80}},"5":{"start":{"line":19,"column":18},"end":{"line":22,"column":5}},"6":{"start":{"line":24,"column":17},"end":{"line":29,"column":6}},"7":{"start":{"line":25,"column":8},"end":{"line":25,"column":29}},"8":{"start":{"line":28,"column":8},"end":{"line":28,"column":28}},"9":{"start":{"line":31,"column":4},"end":{"line":31,"column":15}},"10":{"start":{"line":34,"column":0},"end":{"line":34,"column":31}}},"fnMap":{"0":{"name":"getAssetValue","decl":{"start":{"line":11,"column":15},"end":{"line":11,"column":28}},"loc":{"start":{"line":11,"column":49},"end":{"line":32,"column":1}},"line":11},"1":{"name":"(anonymous_1)","decl":{"start":{"line":24,"column":51},"end":{"line":24,"column":52}},"loc":{"start":{"line":24,"column":71},"end":{"line":26,"column":5}},"line":24},"2":{"name":"(anonymous_2)","decl":{"start":{"line":27,"column":11},"end":{"line":27,"column":12}},"loc":{"start":{"line":27,"column":28},"end":{"line":29,"column":5}},"line":27}},"branchMap":{"0":{"loc":{"start":{"line":15,"column":4},"end":{"line":17,"column":5}},"type":"if","locations":[{"start":{"line":15,"column":4},"end":{"line":17,"column":5}},{"start":{},"end":{}}],"line":15}},"s":{"0":1,"1":1,"2":0,"3":0,"4":0,"5":0,"6":0,"7":0,"8":0,"9":0,"10":1},"f":{"0":0,"1":0,"2":0},"b":{"0":[0,0]},"_coverageSchema":"1a1c01bbd47fc00a2c39e90264f33305004495a9","hash":"68b9ced1dce48536f201a6c046de0784f218118e"}
,"C:\\Users\\nicka\\Documents\\stance\\server\\models\\Account.js": {"path":"C:\\Users\\nicka\\Documents\\stance\\server\\models\\Account.js","statementMap":{"0":{"start":{"line":1,"column":17},"end":{"line":1,"column":36}},"1":{"start":{"line":2,"column":22},"end":{"line":2,"column":40}},"2":{"start":{"line":3,"column":21},"end":{"line":3,"column":38}},"3":{"start":{"line":4,"column":19},"end":{"line":4,"column":40}},"4":{"start":{"line":5,"column":22},"end":{"line":5,"column":53}},"5":{"start":{"line":6,"column":15},"end":{"line":6,"column":41}},"6":{"start":{"line":8,"column":22},"end":{"line":73,"column":22}},"7":{"start":{"line":63,"column":24},"end":{"line":63,"column":26}},"8":{"start":{"line":67,"column":24},"end":{"line":67,"column":26}},"9":{"start":{"line":76,"column":0},"end":{"line":76,"column":78}},"10":{"start":{"line":79,"column":0},"end":{"line":88,"column":3}},"11":{"start":{"line":82,"column":4},"end":{"line":82,"column":30}},"12":{"start":{"line":83,"column":4},"end":{"line":83,"column":30}},"13":{"start":{"line":84,"column":4},"end":{"line":84,"column":26}},"14":{"start":{"line":85,"column":4},"end":{"line":85,"column":33}},"15":{"start":{"line":87,"column":4},"end":{"line":87,"column":11}},"16":{"start":{"line":91,"column":0},"end":{"line":98,"column":3}},"17":{"start":{"line":93,"column":4},"end":{"line":93,"column":30}},"18":{"start":{"line":94,"column":4},"end":{"line":94,"column":30}},"19":{"start":{"line":95,"column":4},"end":{"line":95,"column":26}},"20":{"start":{"line":96,"column":4},"end":{"line":96,"column":33}},"21":{"start":{"line":97,"column":4},"end":{"line":97,"column":11}},"22":{"start":{"line":101,"column":0},"end":{"line":106,"column":2}},"23":{"start":{"line":102,"column":4},"end":{"line":102,"column":30}},"24":{"start":{"line":103,"column":4},"end":{"line":103,"column":30}},"25":{"start":{"line":104,"column":4},"end":{"line":104,"column":26}},"26":{"start":{"line":105,"column":4},"end":{"line":105,"column":10}},"27":{"start":{"line":109,"column":0},"end":{"line":124,"column":1}},"28":{"start":{"line":110,"column":4},"end":{"line":122,"column":5}},"29":{"start":{"line":112,"column":8},"end":{"line":119,"column":9}},"30":{"start":{"line":113,"column":23},"end":{"line":113,"column":78}},"31":{"start":{"line":115,"column":12},"end":{"line":115,"column":78}},"32":{"start":{"line":116,"column":12},"end":{"line":116,"column":71}},"33":{"start":{"line":118,"column":12},"end":{"line":118,"column":88}},"34":{"start":{"line":120,"column":11},"end":{"line":122,"column":5}},"35":{"start":{"line":121,"column":8},"end":{"line":121,"column":26}},"36":{"start":{"line":123,"column":4},"end":{"line":123,"column":101}},"37":{"start":{"line":131,"column":0},"end":{"line":152,"column":1}},"38":{"start":{"line":132,"column":22},"end":{"line":132,"column":26}},"39":{"start":{"line":134,"column":25},"end":{"line":136,"column":6}},"40":{"start":{"line":138,"column":4},"end":{"line":143,"column":5}},"41":{"start":{"line":139,"column":8},"end":{"line":139,"column":63}},"42":{"start":{"line":142,"column":8},"end":{"line":142,"column":34}},"43":{"start":{"line":145,"column":4},"end":{"line":150,"column":5}},"44":{"start":{"line":146,"column":8},"end":{"line":146,"column":86}},"45":{"start":{"line":149,"column":8},"end":{"line":149,"column":23}},"46":{"start":{"line":151,"column":4},"end":{"line":151,"column":22}},"47":{"start":{"line":154,"column":16},"end":{"line":154,"column":56}},"48":{"start":{"line":157,"column":0},"end":{"line":160,"column":1}}},"fnMap":{"0":{"name":"(anonymous_0)","decl":{"start":{"line":63,"column":17},"end":{"line":63,"column":18}},"loc":{"start":{"line":63,"column":24},"end":{"line":63,"column":26}},"line":63},"1":{"name":"(anonymous_1)","decl":{"start":{"line":67,"column":17},"end":{"line":67,"column":18}},"loc":{"start":{"line":67,"column":24},"end":{"line":67,"column":26}},"line":67},"2":{"name":"(anonymous_2)","decl":{"start":{"line":79,"column":26},"end":{"line":79,"column":27}},"loc":{"start":{"line":79,"column":48},"end":{"line":88,"column":1}},"line":79},"3":{"name":"(anonymous_3)","decl":{"start":{"line":91,"column":29},"end":{"line":91,"column":30}},"loc":{"start":{"line":91,"column":51},"end":{"line":98,"column":1}},"line":91},"4":{"name":"(anonymous_4)","decl":{"start":{"line":101,"column":26},"end":{"line":101,"column":27}},"loc":{"start":{"line":101,"column":48},"end":{"line":106,"column":1}},"line":101},"5":{"name":"(anonymous_5)","decl":{"start":{"line":109,"column":40},"end":{"line":109,"column":41}},"loc":{"start":{"line":109,"column":56},"end":{"line":124,"column":1}},"line":109},"6":{"name":"(anonymous_6)","decl":{"start":{"line":131,"column":43},"end":{"line":131,"column":44}},"loc":{"start":{"line":131,"column":69},"end":{"line":152,"column":1}},"line":131}},"branchMap":{"0":{"loc":{"start":{"line":110,"column":4},"end":{"line":122,"column":5}},"type":"if","locations":[{"start":{"line":110,"column":4},"end":{"line":122,"column":5}},{"start":{"line":120,"column":11},"end":{"line":122,"column":5}}],"line":110},"1":{"loc":{"start":{"line":110,"column":7},"end":{"line":110,"column":54}},"type":"binary-expr","locations":[{"start":{"line":110,"column":7},"end":{"line":110,"column":29}},{"start":{"line":110,"column":33},"end":{"line":110,"column":54}}],"line":110},"2":{"loc":{"start":{"line":112,"column":8},"end":{"line":119,"column":9}},"type":"if","locations":[{"start":{"line":112,"column":8},"end":{"line":119,"column":9}},{"start":{"line":117,"column":15},"end":{"line":119,"column":9}}],"line":112},"3":{"loc":{"start":{"line":115,"column":29},"end":{"line":115,"column":77}},"type":"cond-expr","locations":[{"start":{"line":115,"column":48},"end":{"line":115,"column":57}},{"start":{"line":115,"column":59},"end":{"line":115,"column":77}}],"line":115},"4":{"loc":{"start":{"line":116,"column":27},"end":{"line":116,"column":70}},"type":"cond-expr","locations":[{"start":{"line":116,"column":51},"end":{"line":116,"column":64}},{"start":{"line":116,"column":66},"end":{"line":116,"column":70}}],"line":116},"5":{"loc":{"start":{"line":120,"column":11},"end":{"line":122,"column":5}},"type":"if","locations":[{"start":{"line":120,"column":11},"end":{"line":122,"column":5}},{"start":{},"end":{}}],"line":120},"6":{"loc":{"start":{"line":131,"column":58},"end":{"line":131,"column":68}},"type":"default-arg","locations":[{"start":{"line":131,"column":63},"end":{"line":131,"column":68}}],"line":131},"7":{"loc":{"start":{"line":138,"column":4},"end":{"line":143,"column":5}},"type":"if","locations":[{"start":{"line":138,"column":4},"end":{"line":143,"column":5}},{"start":{"line":141,"column":11},"end":{"line":143,"column":5}}],"line":138},"8":{"loc":{"start":{"line":145,"column":4},"end":{"line":150,"column":5}},"type":"if","locations":[{"start":{"line":145,"column":4},"end":{"line":150,"column":5}},{"start":{"line":148,"column":11},"end":{"line":150,"column":5}}],"line":145}},"s":{"0":1,"1":1,"2":1,"3":1,"4":1,"5":1,"6":1,"7":0,"8":0,"9":1,"10":1,"11":0,"12":0,"13":0,"14":0,"15":0,"16":1,"17":0,"18":0,"19":0,"20":0,"21":0,"22":1,"23":0,"24":0,"25":0,"26":0,"27":1,"28":0,"29":0,"30":0,"31":0,"32":0,"33":0,"34":0,"35":0,"36":0,"37":1,"38":0,"39":0,"40":0,"41":0,"42":0,"43":0,"44":0,"45":0,"46":0,"47":1,"48":1},"f":{"0":0,"1":0,"2":0,"3":0,"4":0,"5":0,"6":0},"b":{"0":[0,0],"1":[0,0],"2":[0,0],"3":[0,0],"4":[0,0],"5":[0,0],"6":[0],"7":[0,0],"8":[0,0]},"_coverageSchema":"1a1c01bbd47fc00a2c39e90264f33305004495a9","hash":"da3aaebeff9d0292ffbd4f877b31e240eae48555"}
,"C:\\Users\\nicka\\Documents\\stance\\server\\models\\Currency.js": {"path":"C:\\Users\\nicka\\Documents\\stance\\server\\models\\Currency.js","statementMap":{"0":{"start":{"line":1,"column":17},"end":{"line":1,"column":36}},"1":{"start":{"line":3,"column":23},"end":{"line":29,"column":22}},"2":{"start":{"line":32,"column":17},"end":{"line":32,"column":59}},"3":{"start":{"line":34,"column":0},"end":{"line":36,"column":1}}},"fnMap":{},"branchMap":{},"s":{"0":1,"1":1,"2":1,"3":1},"f":{},"b":{},"_coverageSchema":"1a1c01bbd47fc00a2c39e90264f33305004495a9","hash":"8c8a4036b6708bff7396e89187a98250ea1bc839"}
,"C:\\Users\\nicka\\Documents\\stance\\server\\models\\Goal.js": {"path":"C:\\Users\\nicka\\Documents\\stance\\server\\models\\Goal.js","statementMap":{"0":{"start":{"line":1,"column":17},"end":{"line":1,"column":36}},"1":{"start":{"line":3,"column":19},"end":{"line":20,"column":22}},"2":{"start":{"line":13,"column":23},"end":{"line":13,"column":53}},"3":{"start":{"line":22,"column":13},"end":{"line":22,"column":47}},"4":{"start":{"line":24,"column":0},"end":{"line":27,"column":1}}},"fnMap":{"0":{"name":"(anonymous_0)","decl":{"start":{"line":13,"column":17},"end":{"line":13,"column":18}},"loc":{"start":{"line":13,"column":23},"end":{"line":13,"column":53}},"line":13}},"branchMap":{},"s":{"0":1,"1":1,"2":0,"3":1,"4":1},"f":{"0":0},"b":{},"_coverageSchema":"1a1c01bbd47fc00a2c39e90264f33305004495a9","hash":"a6c3a137b30a4c08160a56a7917d57e4e5d8128e"}
,"C:\\Users\\nicka\\Documents\\stance\\server\\models\\Style.js": {"path":"C:\\Users\\nicka\\Documents\\stance\\server\\models\\Style.js","statementMap":{"0":{"start":{"line":1,"column":17},"end":{"line":1,"column":36}},"1":{"start":{"line":3,"column":15},"end":{"line":22,"column":1}},"2":{"start":{"line":24,"column":19},"end":{"line":27,"column":1}},"3":{"start":{"line":29,"column":18},"end":{"line":44,"column":1}},"4":{"start":{"line":48,"column":14},"end":{"line":56,"column":1}},"5":{"start":{"line":58,"column":21},"end":{"line":61,"column":1}},"6":{"start":{"line":63,"column":23},"end":{"line":68,"column":1}},"7":{"start":{"line":70,"column":22},"end":{"line":72,"column":1}},"8":{"start":{"line":74,"column":20},"end":{"line":99,"column":2}},"9":{"start":{"line":101,"column":14},"end":{"line":101,"column":50}},"10":{"start":{"line":103,"column":0},"end":{"line":106,"column":1}}},"fnMap":{},"branchMap":{},"s":{"0":1,"1":1,"2":1,"3":1,"4":1,"5":1,"6":1,"7":1,"8":1,"9":1,"10":1},"f":{},"b":{},"_coverageSchema":"1a1c01bbd47fc00a2c39e90264f33305004495a9","hash":"687b9f8b887791c67d6df0e5d5104776314a7dc8"}
,"C:\\Users\\nicka\\Documents\\stance\\server\\utils\\logger.js": {"path":"C:\\Users\\nicka\\Documents\\stance\\server\\utils\\logger.js","statementMap":{"0":{"start":{"line":1,"column":16},"end":{"line":1,"column":34}},"1":{"start":{"line":3,"column":15},"end":{"line":9,"column":1}},"2":{"start":{"line":11,"column":14},"end":{"line":15,"column":1}},"3":{"start":{"line":12,"column":14},"end":{"line":12,"column":51}},"4":{"start":{"line":13,"column":24},"end":{"line":13,"column":45}},"5":{"start":{"line":14,"column":2},"end":{"line":14,"column":41}},"6":{"start":{"line":17,"column":15},"end":{"line":23,"column":1}},"7":{"start":{"line":25,"column":0},"end":{"line":25,"column":25}},"8":{"start":{"line":27,"column":15},"end":{"line":33,"column":1}},"9":{"start":{"line":31,"column":14},"end":{"line":31,"column":64}},"10":{"start":{"line":35,"column":19},"end":{"line":42,"column":1}},"11":{"start":{"line":44,"column":15},"end":{"line":49,"column":2}},"12":{"start":{"line":51,"column":0},"end":{"line":51,"column":23}}},"fnMap":{"0":{"name":"(anonymous_0)","decl":{"start":{"line":11,"column":14},"end":{"line":11,"column":15}},"loc":{"start":{"line":11,"column":20},"end":{"line":15,"column":1}},"line":11},"1":{"name":"(anonymous_1)","decl":{"start":{"line":31,"column":4},"end":{"line":31,"column":5}},"loc":{"start":{"line":31,"column":14},"end":{"line":31,"column":64}},"line":31}},"branchMap":{"0":{"loc":{"start":{"line":12,"column":14},"end":{"line":12,"column":51}},"type":"binary-expr","locations":[{"start":{"line":12,"column":14},"end":{"line":12,"column":34}},{"start":{"line":12,"column":38},"end":{"line":12,"column":51}}],"line":12},"1":{"loc":{"start":{"line":14,"column":9},"end":{"line":14,"column":41}},"type":"cond-expr","locations":[{"start":{"line":14,"column":25},"end":{"line":14,"column":32}},{"start":{"line":14,"column":35},"end":{"line":14,"column":41}}],"line":14}},"s":{"0":1,"1":1,"2":1,"3":1,"4":1,"5":1,"6":1,"7":1,"8":1,"9":0,"10":1,"11":1,"12":1},"f":{"0":1,"1":0},"b":{"0":[1,0],"1":[0,1]},"_coverageSchema":"1a1c01bbd47fc00a2c39e90264f33305004495a9","hash":"1e0808789a1aca68b3c84820c375e8788ea626d4"}
}
